This file contains any messages produced by compilers while
running configure, to aid debugging if configure makes a mistake.

It was created by configure, which was
generated by GNU Autoconf 2.69.  Invocation command line was

  $ ./configure --prefix=/opt/apache-2.4.53/EXT/apr-util-1.6.1 --with-apr=/opt/apache-2.4.53/EXT/apr-1.7.0 --with-ldap --with-crypto --with-openssl=/usr/local/ssl

## --------- ##
## Platform. ##
## --------- ##

hostname = hwangtest
uname -m = x86_64
uname -r = 3.10.0-1127.el7.x86_64
uname -s = Linux
uname -v = #1 SMP Tue Mar 31 23:36:51 UTC 2020

/usr/bin/uname -p = x86_64
/bin/uname -X     = unknown

/bin/arch              = x86_64
/usr/bin/arch -k       = unknown
/usr/convex/getsysinfo = unknown
/usr/bin/hostinfo      = unknown
/bin/machine           = unknown
/usr/bin/oslevel       = unknown
/bin/universe          = unknown

PATH: /usr/local/sbin
PATH: /usr/local/bin
PATH: /usr/sbin
PATH: /usr/bin
PATH: /usr/lib/jdk1.8.0_271/bin
PATH: /usr/lib/jdk1.8.0_271/jre/bin
PATH: /opt/apache-maven-3.6.3/bin
PATH: /bin
PATH: /root/bin


## ----------- ##
## Core tests. ##
## ----------- ##

configure:2594: checking build system type
configure:2608: result: x86_64-pc-linux-gnu
configure:2628: checking host system type
configure:2641: result: x86_64-pc-linux-gnu
configure:2661: checking target system type
configure:2674: result: x86_64-pc-linux-gnu
configure:2716: checking for a BSD-compatible install
configure:2784: result: /usr/bin/install -c
configure:2819: checking for working mkdir -p
configure:2835: result: yes
configure:2929: checking for chosen layout
configure:2931: result: apr-util
configure:3103: checking for gcc
configure:3119: found /usr/bin/gcc
configure:3130: result: gcc
configure:3359: checking for C compiler version
configure:3368: gcc --version >&5
gcc (GCC) 4.8.5 20150623 (Red Hat 4.8.5-44)
Copyright (C) 2015 Free Software Foundation, Inc.
This is free software; see the source for copying conditions.  There is NO
warranty; not even for MERCHANTABILITY or FITNESS FOR A PARTICULAR PURPOSE.

configure:3379: $? = 0
configure:3368: gcc -v >&5
Using built-in specs.
COLLECT_GCC=gcc
COLLECT_LTO_WRAPPER=/usr/libexec/gcc/x86_64-redhat-linux/4.8.5/lto-wrapper
Target: x86_64-redhat-linux
Configured with: ../configure --prefix=/usr --mandir=/usr/share/man --infodir=/usr/share/info --with-bugurl=http://bugzilla.redhat.com/bugzilla --enable-bootstrap --enable-shared --enable-threads=posix --enable-checking=release --with-system-zlib --enable-__cxa_atexit --disable-libunwind-exceptions --enable-gnu-unique-object --enable-linker-build-id --with-linker-hash-style=gnu --enable-languages=c,c++,objc,obj-c++,java,fortran,ada,go,lto --enable-plugin --enable-initfini-array --disable-libgcj --with-isl=/builddir/build/BUILD/gcc-4.8.5-20150702/obj-x86_64-redhat-linux/isl-install --with-cloog=/builddir/build/BUILD/gcc-4.8.5-20150702/obj-x86_64-redhat-linux/cloog-install --enable-gnu-indirect-function --with-tune=generic --with-arch_32=x86-64 --build=x86_64-redhat-linux
Thread model: posix
gcc version 4.8.5 20150623 (Red Hat 4.8.5-44) (GCC) 
configure:3379: $? = 0
configure:3368: gcc -V >&5
gcc: error: unrecognized command line option '-V'
gcc: fatal error: no input files
compilation terminated.
configure:3379: $? = 4
configure:3368: gcc -qversion >&5
gcc: error: unrecognized command line option '-qversion'
gcc: fatal error: no input files
compilation terminated.
configure:3379: $? = 4
configure:3399: checking whether the C compiler works
configure:3421: gcc    conftest.c  >&5
configure:3425: $? = 0
configure:3473: result: yes
configure:3476: checking for C compiler default output file name
configure:3478: result: a.out
configure:3484: checking for suffix of executables
configure:3491: gcc -o conftest    conftest.c  >&5
configure:3495: $? = 0
configure:3517: result: 
configure:3539: checking whether we are cross compiling
configure:3547: gcc -o conftest    conftest.c  >&5
configure:3551: $? = 0
configure:3558: ./conftest
configure:3562: $? = 0
configure:3577: result: no
configure:3582: checking for suffix of object files
configure:3604: gcc -c   conftest.c >&5
configure:3608: $? = 0
configure:3629: result: o
configure:3633: checking whether we are using the GNU C compiler
configure:3652: gcc -c   conftest.c >&5
configure:3652: $? = 0
configure:3661: result: yes
configure:3670: checking whether gcc accepts -g
configure:3690: gcc -c -g  conftest.c >&5
configure:3690: $? = 0
configure:3731: result: yes
configure:3748: checking for gcc option to accept ISO C89
configure:3811: gcc  -c -g -O2  conftest.c >&5
configure:3811: $? = 0
configure:3824: result: none needed
configure:4001: checking for APR
configure:4080: result: yes
configure:4347: checking how to run the C preprocessor
configure:4417: result: gcc -E
configure:4437: gcc -E  -DLINUX -D_REENTRANT -D_GNU_SOURCE conftest.c
configure:4437: $? = 0
configure:4451: gcc -E  -DLINUX -D_REENTRANT -D_GNU_SOURCE conftest.c
conftest.c:9:28: fatal error: ac_nonexistent.h: No such file or directory
 #include <ac_nonexistent.h>
                            ^
compilation terminated.
configure:4451: $? = 1
configure: failed program was:
| /* confdefs.h */
| #define PACKAGE_NAME ""
| #define PACKAGE_TARNAME ""
| #define PACKAGE_VERSION ""
| #define PACKAGE_STRING ""
| #define PACKAGE_BUGREPORT ""
| #define PACKAGE_URL ""
| /* end confdefs.h.  */
| #include <ac_nonexistent.h>
configure:4480: checking for grep that handles long lines and -e
configure:4538: result: /usr/bin/grep
configure:4543: checking for egrep
configure:4605: result: /usr/bin/grep -E
configure:4610: checking for ANSI C header files
configure:4630: gcc -c -g -O2 -pthread  -DLINUX -D_REENTRANT -D_GNU_SOURCE conftest.c >&5
configure:4630: $? = 0
configure:4703: gcc -o conftest -g -O2 -pthread  -DLINUX -D_REENTRANT -D_GNU_SOURCE  conftest.c  >&5
configure:4703: $? = 0
configure:4703: ./conftest
configure:4703: $? = 0
configure:4714: result: yes
configure:4727: checking for sys/types.h
configure:4727: gcc -c -g -O2 -pthread  -DLINUX -D_REENTRANT -D_GNU_SOURCE conftest.c >&5
configure:4727: $? = 0
configure:4727: result: yes
configure:4727: checking for sys/stat.h
configure:4727: gcc -c -g -O2 -pthread  -DLINUX -D_REENTRANT -D_GNU_SOURCE conftest.c >&5
configure:4727: $? = 0
configure:4727: result: yes
configure:4727: checking for stdlib.h
configure:4727: gcc -c -g -O2 -pthread  -DLINUX -D_REENTRANT -D_GNU_SOURCE conftest.c >&5
configure:4727: $? = 0
configure:4727: result: yes
configure:4727: checking for string.h
configure:4727: gcc -c -g -O2 -pthread  -DLINUX -D_REENTRANT -D_GNU_SOURCE conftest.c >&5
configure:4727: $? = 0
configure:4727: result: yes
configure:4727: checking for memory.h
configure:4727: gcc -c -g -O2 -pthread  -DLINUX -D_REENTRANT -D_GNU_SOURCE conftest.c >&5
configure:4727: $? = 0
configure:4727: result: yes
configure:4727: checking for strings.h
configure:4727: gcc -c -g -O2 -pthread  -DLINUX -D_REENTRANT -D_GNU_SOURCE conftest.c >&5
configure:4727: $? = 0
configure:4727: result: yes
configure:4727: checking for inttypes.h
configure:4727: gcc -c -g -O2 -pthread  -DLINUX -D_REENTRANT -D_GNU_SOURCE conftest.c >&5
configure:4727: $? = 0
configure:4727: result: yes
configure:4727: checking for stdint.h
configure:4727: gcc -c -g -O2 -pthread  -DLINUX -D_REENTRANT -D_GNU_SOURCE conftest.c >&5
configure:4727: $? = 0
configure:4727: result: yes
configure:4727: checking for unistd.h
configure:4727: gcc -c -g -O2 -pthread  -DLINUX -D_REENTRANT -D_GNU_SOURCE conftest.c >&5
configure:4727: $? = 0
configure:4727: result: yes
configure:4938: checking for openssl in /usr/local/ssl
configure:4942: checking openssl/x509.h usability
configure:4942: gcc -c -g -O2 -pthread  -DLINUX -D_REENTRANT -D_GNU_SOURCE -I/usr/local/ssl/include conftest.c >&5
configure:4942: $? = 0
configure:4942: result: yes
configure:4942: checking openssl/x509.h presence
configure:4942: gcc -E  -DLINUX -D_REENTRANT -D_GNU_SOURCE -I/usr/local/ssl/include conftest.c
configure:4942: $? = 0
configure:4942: result: yes
configure:4942: checking for openssl/x509.h
configure:4942: result: yes
configure:4952: checking for EVP_CIPHER_CTX_new in -lcrypto
configure:4977: gcc -o conftest -g -O2 -pthread  -DLINUX -D_REENTRANT -D_GNU_SOURCE -I/usr/local/ssl/include -L/usr/local/ssl/lib  conftest.c -lcrypto   >&5
configure:4977: $? = 0
configure:4986: result: yes
configure:4989: checking for SSL_accept in -lssl
configure:5014: gcc -o conftest -g -O2 -pthread  -DLINUX -D_REENTRANT -D_GNU_SOURCE -I/usr/local/ssl/include -L/usr/local/ssl/lib  conftest.c -lssl -lcrypto  >&5
configure:5014: $? = 0
configure:5023: result: yes
configure:5077: checking whether EVP_PKEY_CTX_new is declared
configure:5077: gcc -c -g -O2 -pthread  -DLINUX -D_REENTRANT -D_GNU_SOURCE -I/usr/local/ssl/include conftest.c >&5
configure:5077: $? = 0
configure:5077: result: yes
configure:5125: checking for const input buffers in OpenSSL
configure:5148: gcc -c -g -O2 -pthread  -DLINUX -D_REENTRANT -D_GNU_SOURCE -I/usr/local/ssl/include conftest.c >&5
conftest.c: In function 'main':
conftest.c:27:15: error: storage size of 'rsa' isn't known
           RSA rsa;
               ^
configure:5148: $? = 1
configure: failed program was:
| /* confdefs.h */
| #define PACKAGE_NAME ""
| #define PACKAGE_TARNAME ""
| #define PACKAGE_VERSION ""
| #define PACKAGE_STRING ""
| #define PACKAGE_BUGREPORT ""
| #define PACKAGE_URL ""
| #define STDC_HEADERS 1
| #define HAVE_SYS_TYPES_H 1
| #define HAVE_SYS_STAT_H 1
| #define HAVE_STDLIB_H 1
| #define HAVE_STRING_H 1
| #define HAVE_MEMORY_H 1
| #define HAVE_STRINGS_H 1
| #define HAVE_INTTYPES_H 1
| #define HAVE_STDINT_H 1
| #define HAVE_UNISTD_H 1
| #define HAVE_OPENSSL_X509_H 1
| #define HAVE_DECL_EVP_PKEY_CTX_NEW 1
| /* end confdefs.h.  */
| #include <openssl/rsa.h>
| int
| main ()
| {
|  const unsigned char * buf;
|           unsigned char * outbuf;
|           RSA rsa;
| 
|                 RSA_private_decrypt(1,
|                                                         buf,
|                                                         outbuf,
|                                                         &rsa,
|                                                         RSA_PKCS1_PADDING);
| 
| 
|   ;
|   return 0;
| }
configure:5155: result: no
configure:6144: checking for ldap_init in -lldap50
configure:6169: gcc -o conftest -g -O2 -pthread  -DLINUX -D_REENTRANT -D_GNU_SOURCE  conftest.c -lldap50 -lnspr4 -lplc4 -lplds4 -liutil50 -llber50 -lldif50 -lnss3 -lprldap50 -lssl3 -lssldap50  >&5
/usr/bin/ld: cannot find -lldap50
/usr/bin/ld: cannot find -liutil50
/usr/bin/ld: cannot find -llber50
/usr/bin/ld: cannot find -lldif50
/usr/bin/ld: cannot find -lprldap50
/usr/bin/ld: cannot find -lssldap50
collect2: error: ld returned 1 exit status
configure:6169: $? = 1
configure: failed program was:
| /* confdefs.h */
| #define PACKAGE_NAME ""
| #define PACKAGE_TARNAME ""
| #define PACKAGE_VERSION ""
| #define PACKAGE_STRING ""
| #define PACKAGE_BUGREPORT ""
| #define PACKAGE_URL ""
| #define STDC_HEADERS 1
| #define HAVE_SYS_TYPES_H 1
| #define HAVE_SYS_STAT_H 1
| #define HAVE_STDLIB_H 1
| #define HAVE_STRING_H 1
| #define HAVE_MEMORY_H 1
| #define HAVE_STRINGS_H 1
| #define HAVE_INTTYPES_H 1
| #define HAVE_STDINT_H 1
| #define HAVE_UNISTD_H 1
| #define HAVE_OPENSSL_X509_H 1
| #define HAVE_DECL_EVP_PKEY_CTX_NEW 1
| /* end confdefs.h.  */
| 
| /* Override any GCC internal prototype to avoid an error.
|    Use char because int might match the return type of a GCC
|    builtin and then its argument prototype would still apply.  */
| #ifdef __cplusplus
| extern "C"
| #endif
| char ldap_init ();
| int
| main ()
| {
| return ldap_init ();
|   ;
|   return 0;
| }
configure:6179: result: no
configure:6495: checking for ldap_init in -lldapssl41
configure:6520: gcc -o conftest -g -O2 -pthread  -DLINUX -D_REENTRANT -D_GNU_SOURCE  conftest.c -lldapssl41 -lnspr3 -lplc3 -lplds3  >&5
/usr/bin/ld: cannot find -lldapssl41
/usr/bin/ld: cannot find -lnspr3
/usr/bin/ld: cannot find -lplc3
/usr/bin/ld: cannot find -lplds3
collect2: error: ld returned 1 exit status
configure:6520: $? = 1
configure: failed program was:
| /* confdefs.h */
| #define PACKAGE_NAME ""
| #define PACKAGE_TARNAME ""
| #define PACKAGE_VERSION ""
| #define PACKAGE_STRING ""
| #define PACKAGE_BUGREPORT ""
| #define PACKAGE_URL ""
| #define STDC_HEADERS 1
| #define HAVE_SYS_TYPES_H 1
| #define HAVE_SYS_STAT_H 1
| #define HAVE_STDLIB_H 1
| #define HAVE_STRING_H 1
| #define HAVE_MEMORY_H 1
| #define HAVE_STRINGS_H 1
| #define HAVE_INTTYPES_H 1
| #define HAVE_STDINT_H 1
| #define HAVE_UNISTD_H 1
| #define HAVE_OPENSSL_X509_H 1
| #define HAVE_DECL_EVP_PKEY_CTX_NEW 1
| /* end confdefs.h.  */
| 
| /* Override any GCC internal prototype to avoid an error.
|    Use char because int might match the return type of a GCC
|    builtin and then its argument prototype would still apply.  */
| #ifdef __cplusplus
| extern "C"
| #endif
| char ldap_init ();
| int
| main ()
| {
| return ldap_init ();
|   ;
|   return 0;
| }
configure:6530: result: no
configure:6846: checking for ldap_init in -lldapssl40
configure:6871: gcc -o conftest -g -O2 -pthread  -DLINUX -D_REENTRANT -D_GNU_SOURCE  conftest.c -lldapssl40   >&5
/usr/bin/ld: cannot find -lldapssl40
collect2: error: ld returned 1 exit status
configure:6871: $? = 1
configure: failed program was:
| /* confdefs.h */
| #define PACKAGE_NAME ""
| #define PACKAGE_TARNAME ""
| #define PACKAGE_VERSION ""
| #define PACKAGE_STRING ""
| #define PACKAGE_BUGREPORT ""
| #define PACKAGE_URL ""
| #define STDC_HEADERS 1
| #define HAVE_SYS_TYPES_H 1
| #define HAVE_SYS_STAT_H 1
| #define HAVE_STDLIB_H 1
| #define HAVE_STRING_H 1
| #define HAVE_MEMORY_H 1
| #define HAVE_STRINGS_H 1
| #define HAVE_INTTYPES_H 1
| #define HAVE_STDINT_H 1
| #define HAVE_UNISTD_H 1
| #define HAVE_OPENSSL_X509_H 1
| #define HAVE_DECL_EVP_PKEY_CTX_NEW 1
| /* end confdefs.h.  */
| 
| /* Override any GCC internal prototype to avoid an error.
|    Use char because int might match the return type of a GCC
|    builtin and then its argument prototype would still apply.  */
| #ifdef __cplusplus
| extern "C"
| #endif
| char ldap_init ();
| int
| main ()
| {
| return ldap_init ();
|   ;
|   return 0;
| }
configure:6881: result: no
configure:7197: checking for ldap_init in -lldapssl30
configure:7222: gcc -o conftest -g -O2 -pthread  -DLINUX -D_REENTRANT -D_GNU_SOURCE  conftest.c -lldapssl30   >&5
/usr/bin/ld: cannot find -lldapssl30
collect2: error: ld returned 1 exit status
configure:7222: $? = 1
configure: failed program was:
| /* confdefs.h */
| #define PACKAGE_NAME ""
| #define PACKAGE_TARNAME ""
| #define PACKAGE_VERSION ""
| #define PACKAGE_STRING ""
| #define PACKAGE_BUGREPORT ""
| #define PACKAGE_URL ""
| #define STDC_HEADERS 1
| #define HAVE_SYS_TYPES_H 1
| #define HAVE_SYS_STAT_H 1
| #define HAVE_STDLIB_H 1
| #define HAVE_STRING_H 1
| #define HAVE_MEMORY_H 1
| #define HAVE_STRINGS_H 1
| #define HAVE_INTTYPES_H 1
| #define HAVE_STDINT_H 1
| #define HAVE_UNISTD_H 1
| #define HAVE_OPENSSL_X509_H 1
| #define HAVE_DECL_EVP_PKEY_CTX_NEW 1
| /* end confdefs.h.  */
| 
| /* Override any GCC internal prototype to avoid an error.
|    Use char because int might match the return type of a GCC
|    builtin and then its argument prototype would still apply.  */
| #ifdef __cplusplus
| extern "C"
| #endif
| char ldap_init ();
| int
| main ()
| {
| return ldap_init ();
|   ;
|   return 0;
| }
configure:7232: result: no
configure:7548: checking for ldap_init in -lldapssl20
configure:7573: gcc -o conftest -g -O2 -pthread  -DLINUX -D_REENTRANT -D_GNU_SOURCE  conftest.c -lldapssl20   >&5
/usr/bin/ld: cannot find -lldapssl20
collect2: error: ld returned 1 exit status
configure:7573: $? = 1
configure: failed program was:
| /* confdefs.h */
| #define PACKAGE_NAME ""
| #define PACKAGE_TARNAME ""
| #define PACKAGE_VERSION ""
| #define PACKAGE_STRING ""
| #define PACKAGE_BUGREPORT ""
| #define PACKAGE_URL ""
| #define STDC_HEADERS 1
| #define HAVE_SYS_TYPES_H 1
| #define HAVE_SYS_STAT_H 1
| #define HAVE_STDLIB_H 1
| #define HAVE_STRING_H 1
| #define HAVE_MEMORY_H 1
| #define HAVE_STRINGS_H 1
| #define HAVE_INTTYPES_H 1
| #define HAVE_STDINT_H 1
| #define HAVE_UNISTD_H 1
| #define HAVE_OPENSSL_X509_H 1
| #define HAVE_DECL_EVP_PKEY_CTX_NEW 1
| /* end confdefs.h.  */
| 
| /* Override any GCC internal prototype to avoid an error.
|    Use char because int might match the return type of a GCC
|    builtin and then its argument prototype would still apply.  */
| #ifdef __cplusplus
| extern "C"
| #endif
| char ldap_init ();
| int
| main ()
| {
| return ldap_init ();
|   ;
|   return 0;
| }
configure:7583: result: no
configure:7899: checking for ldap_init in -lldapsdk
configure:7924: gcc -o conftest -g -O2 -pthread  -DLINUX -D_REENTRANT -D_GNU_SOURCE  conftest.c -lldapsdk -lldapx -lldapssl -lldapgss -lgssapi_krb5  >&5
/usr/bin/ld: cannot find -lldapsdk
/usr/bin/ld: cannot find -lldapx
/usr/bin/ld: cannot find -lldapssl
/usr/bin/ld: cannot find -lldapgss
collect2: error: ld returned 1 exit status
configure:7924: $? = 1
configure: failed program was:
| /* confdefs.h */
| #define PACKAGE_NAME ""
| #define PACKAGE_TARNAME ""
| #define PACKAGE_VERSION ""
| #define PACKAGE_STRING ""
| #define PACKAGE_BUGREPORT ""
| #define PACKAGE_URL ""
| #define STDC_HEADERS 1
| #define HAVE_SYS_TYPES_H 1
| #define HAVE_SYS_STAT_H 1
| #define HAVE_STDLIB_H 1
| #define HAVE_STRING_H 1
| #define HAVE_MEMORY_H 1
| #define HAVE_STRINGS_H 1
| #define HAVE_INTTYPES_H 1
| #define HAVE_STDINT_H 1
| #define HAVE_UNISTD_H 1
| #define HAVE_OPENSSL_X509_H 1
| #define HAVE_DECL_EVP_PKEY_CTX_NEW 1
| /* end confdefs.h.  */
| 
| /* Override any GCC internal prototype to avoid an error.
|    Use char because int might match the return type of a GCC
|    builtin and then its argument prototype would still apply.  */
| #ifdef __cplusplus
| extern "C"
| #endif
| char ldap_init ();
| int
| main ()
| {
| return ldap_init ();
|   ;
|   return 0;
| }
configure:7934: result: no
configure:8250: checking for ldap_init in -lldapsdk
configure:8275: gcc -o conftest -g -O2 -pthread  -DLINUX -D_REENTRANT -D_GNU_SOURCE  conftest.c -lldapsdk -lldapx -lldapssl -lldapgss -lgss -lresolv -lsocket  >&5
/usr/bin/ld: cannot find -lldapsdk
/usr/bin/ld: cannot find -lldapx
/usr/bin/ld: cannot find -lldapssl
/usr/bin/ld: cannot find -lldapgss
/usr/bin/ld: cannot find -lgss
/usr/bin/ld: cannot find -lsocket
collect2: error: ld returned 1 exit status
configure:8275: $? = 1
configure: failed program was:
| /* confdefs.h */
| #define PACKAGE_NAME ""
| #define PACKAGE_TARNAME ""
| #define PACKAGE_VERSION ""
| #define PACKAGE_STRING ""
| #define PACKAGE_BUGREPORT ""
| #define PACKAGE_URL ""
| #define STDC_HEADERS 1
| #define HAVE_SYS_TYPES_H 1
| #define HAVE_SYS_STAT_H 1
| #define HAVE_STDLIB_H 1
| #define HAVE_STRING_H 1
| #define HAVE_MEMORY_H 1
| #define HAVE_STRINGS_H 1
| #define HAVE_INTTYPES_H 1
| #define HAVE_STDINT_H 1
| #define HAVE_UNISTD_H 1
| #define HAVE_OPENSSL_X509_H 1
| #define HAVE_DECL_EVP_PKEY_CTX_NEW 1
| /* end confdefs.h.  */
| 
| /* Override any GCC internal prototype to avoid an error.
|    Use char because int might match the return type of a GCC
|    builtin and then its argument prototype would still apply.  */
| #ifdef __cplusplus
| extern "C"
| #endif
| char ldap_init ();
| int
| main ()
| {
| return ldap_init ();
|   ;
|   return 0;
| }
configure:8285: result: no
configure:8601: checking for ldap_init in -lldap
configure:8626: gcc -o conftest -g -O2 -pthread  -DLINUX -D_REENTRANT -D_GNU_SOURCE  conftest.c -lldap -llber  >&5
configure:8626: $? = 0
configure:8636: result: yes
configure:8642: checking for ldapssl_client_init in -lldap
configure:8667: gcc -o conftest -g -O2 -pthread  -DLINUX -D_REENTRANT -D_GNU_SOURCE  conftest.c -lldap -llber  >&5
/tmp/ccW54P2I.o: In function `main':
/opt/initserver/httpd-2.4.53/src/EXTModule/apr-util-1.6.1/conftest.c:32: undefined reference to `ldapssl_client_init'
collect2: error: ld returned 1 exit status
configure:8667: $? = 1
configure: failed program was:
| /* confdefs.h */
| #define PACKAGE_NAME ""
| #define PACKAGE_TARNAME ""
| #define PACKAGE_VERSION ""
| #define PACKAGE_STRING ""
| #define PACKAGE_BUGREPORT ""
| #define PACKAGE_URL ""
| #define STDC_HEADERS 1
| #define HAVE_SYS_TYPES_H 1
| #define HAVE_SYS_STAT_H 1
| #define HAVE_STDLIB_H 1
| #define HAVE_STRING_H 1
| #define HAVE_MEMORY_H 1
| #define HAVE_STRINGS_H 1
| #define HAVE_INTTYPES_H 1
| #define HAVE_STDINT_H 1
| #define HAVE_UNISTD_H 1
| #define HAVE_OPENSSL_X509_H 1
| #define HAVE_DECL_EVP_PKEY_CTX_NEW 1
| /* end confdefs.h.  */
| 
| /* Override any GCC internal prototype to avoid an error.
|    Use char because int might match the return type of a GCC
|    builtin and then its argument prototype would still apply.  */
| #ifdef __cplusplus
| extern "C"
| #endif
| char ldapssl_client_init ();
| int
| main ()
| {
| return ldapssl_client_init ();
|   ;
|   return 0;
| }
configure:8677: result: no
configure:8684: checking for ldapssl_client_deinit in -lldap
configure:8709: gcc -o conftest -g -O2 -pthread  -DLINUX -D_REENTRANT -D_GNU_SOURCE  conftest.c -lldap -llber  >&5
/tmp/cckQtNiQ.o: In function `main':
/opt/initserver/httpd-2.4.53/src/EXTModule/apr-util-1.6.1/conftest.c:32: undefined reference to `ldapssl_client_deinit'
collect2: error: ld returned 1 exit status
configure:8709: $? = 1
configure: failed program was:
| /* confdefs.h */
| #define PACKAGE_NAME ""
| #define PACKAGE_TARNAME ""
| #define PACKAGE_VERSION ""
| #define PACKAGE_STRING ""
| #define PACKAGE_BUGREPORT ""
| #define PACKAGE_URL ""
| #define STDC_HEADERS 1
| #define HAVE_SYS_TYPES_H 1
| #define HAVE_SYS_STAT_H 1
| #define HAVE_STDLIB_H 1
| #define HAVE_STRING_H 1
| #define HAVE_MEMORY_H 1
| #define HAVE_STRINGS_H 1
| #define HAVE_INTTYPES_H 1
| #define HAVE_STDINT_H 1
| #define HAVE_UNISTD_H 1
| #define HAVE_OPENSSL_X509_H 1
| #define HAVE_DECL_EVP_PKEY_CTX_NEW 1
| /* end confdefs.h.  */
| 
| /* Override any GCC internal prototype to avoid an error.
|    Use char because int might match the return type of a GCC
|    builtin and then its argument prototype would still apply.  */
| #ifdef __cplusplus
| extern "C"
| #endif
| char ldapssl_client_deinit ();
| int
| main ()
| {
| return ldapssl_client_deinit ();
|   ;
|   return 0;
| }
configure:8719: result: no
configure:8726: checking for ldapssl_add_trusted_cert in -lldap
configure:8751: gcc -o conftest -g -O2 -pthread  -DLINUX -D_REENTRANT -D_GNU_SOURCE  conftest.c -lldap -llber  >&5
/tmp/ccEpz9AU.o: In function `main':
/opt/initserver/httpd-2.4.53/src/EXTModule/apr-util-1.6.1/conftest.c:32: undefined reference to `ldapssl_add_trusted_cert'
collect2: error: ld returned 1 exit status
configure:8751: $? = 1
configure: failed program was:
| /* confdefs.h */
| #define PACKAGE_NAME ""
| #define PACKAGE_TARNAME ""
| #define PACKAGE_VERSION ""
| #define PACKAGE_STRING ""
| #define PACKAGE_BUGREPORT ""
| #define PACKAGE_URL ""
| #define STDC_HEADERS 1
| #define HAVE_SYS_TYPES_H 1
| #define HAVE_SYS_STAT_H 1
| #define HAVE_STDLIB_H 1
| #define HAVE_STRING_H 1
| #define HAVE_MEMORY_H 1
| #define HAVE_STRINGS_H 1
| #define HAVE_INTTYPES_H 1
| #define HAVE_STDINT_H 1
| #define HAVE_UNISTD_H 1
| #define HAVE_OPENSSL_X509_H 1
| #define HAVE_DECL_EVP_PKEY_CTX_NEW 1
| /* end confdefs.h.  */
| 
| /* Override any GCC internal prototype to avoid an error.
|    Use char because int might match the return type of a GCC
|    builtin and then its argument prototype would still apply.  */
| #ifdef __cplusplus
| extern "C"
| #endif
| char ldapssl_add_trusted_cert ();
| int
| main ()
| {
| return ldapssl_add_trusted_cert ();
|   ;
|   return 0;
| }
configure:8761: result: no
configure:8768: checking for ldap_start_tls_s in -lldap
configure:8793: gcc -o conftest -g -O2 -pthread  -DLINUX -D_REENTRANT -D_GNU_SOURCE  conftest.c -lldap -llber  >&5
configure:8793: $? = 0
configure:8803: result: yes
configure:8810: checking for ldap_sslinit in -lldap
configure:8835: gcc -o conftest -g -O2 -pthread  -DLINUX -D_REENTRANT -D_GNU_SOURCE  conftest.c -lldap -llber  >&5
/tmp/ccV99DHa.o: In function `main':
/opt/initserver/httpd-2.4.53/src/EXTModule/apr-util-1.6.1/conftest.c:32: undefined reference to `ldap_sslinit'
collect2: error: ld returned 1 exit status
configure:8835: $? = 1
configure: failed program was:
| /* confdefs.h */
| #define PACKAGE_NAME ""
| #define PACKAGE_TARNAME ""
| #define PACKAGE_VERSION ""
| #define PACKAGE_STRING ""
| #define PACKAGE_BUGREPORT ""
| #define PACKAGE_URL ""
| #define STDC_HEADERS 1
| #define HAVE_SYS_TYPES_H 1
| #define HAVE_SYS_STAT_H 1
| #define HAVE_STDLIB_H 1
| #define HAVE_STRING_H 1
| #define HAVE_MEMORY_H 1
| #define HAVE_STRINGS_H 1
| #define HAVE_INTTYPES_H 1
| #define HAVE_STDINT_H 1
| #define HAVE_UNISTD_H 1
| #define HAVE_OPENSSL_X509_H 1
| #define HAVE_DECL_EVP_PKEY_CTX_NEW 1
| /* end confdefs.h.  */
| 
| /* Override any GCC internal prototype to avoid an error.
|    Use char because int might match the return type of a GCC
|    builtin and then its argument prototype would still apply.  */
| #ifdef __cplusplus
| extern "C"
| #endif
| char ldap_sslinit ();
| int
| main ()
| {
| return ldap_sslinit ();
|   ;
|   return 0;
| }
configure:8845: result: no
configure:8852: checking for ldapssl_init in -lldap
configure:8877: gcc -o conftest -g -O2 -pthread  -DLINUX -D_REENTRANT -D_GNU_SOURCE  conftest.c -lldap -llber  >&5
/tmp/ccOojT1i.o: In function `main':
/opt/initserver/httpd-2.4.53/src/EXTModule/apr-util-1.6.1/conftest.c:32: undefined reference to `ldapssl_init'
collect2: error: ld returned 1 exit status
configure:8877: $? = 1
configure: failed program was:
| /* confdefs.h */
| #define PACKAGE_NAME ""
| #define PACKAGE_TARNAME ""
| #define PACKAGE_VERSION ""
| #define PACKAGE_STRING ""
| #define PACKAGE_BUGREPORT ""
| #define PACKAGE_URL ""
| #define STDC_HEADERS 1
| #define HAVE_SYS_TYPES_H 1
| #define HAVE_SYS_STAT_H 1
| #define HAVE_STDLIB_H 1
| #define HAVE_STRING_H 1
| #define HAVE_MEMORY_H 1
| #define HAVE_STRINGS_H 1
| #define HAVE_INTTYPES_H 1
| #define HAVE_STDINT_H 1
| #define HAVE_UNISTD_H 1
| #define HAVE_OPENSSL_X509_H 1
| #define HAVE_DECL_EVP_PKEY_CTX_NEW 1
| /* end confdefs.h.  */
| 
| /* Override any GCC internal prototype to avoid an error.
|    Use char because int might match the return type of a GCC
|    builtin and then its argument prototype would still apply.  */
| #ifdef __cplusplus
| extern "C"
| #endif
| char ldapssl_init ();
| int
| main ()
| {
| return ldapssl_init ();
|   ;
|   return 0;
| }
configure:8887: result: no
configure:8894: checking for ldapssl_install_routines in -lldap
configure:8919: gcc -o conftest -g -O2 -pthread  -DLINUX -D_REENTRANT -D_GNU_SOURCE  conftest.c -lldap -llber  >&5
/tmp/ccLMOovm.o: In function `main':
/opt/initserver/httpd-2.4.53/src/EXTModule/apr-util-1.6.1/conftest.c:32: undefined reference to `ldapssl_install_routines'
collect2: error: ld returned 1 exit status
configure:8919: $? = 1
configure: failed program was:
| /* confdefs.h */
| #define PACKAGE_NAME ""
| #define PACKAGE_TARNAME ""
| #define PACKAGE_VERSION ""
| #define PACKAGE_STRING ""
| #define PACKAGE_BUGREPORT ""
| #define PACKAGE_URL ""
| #define STDC_HEADERS 1
| #define HAVE_SYS_TYPES_H 1
| #define HAVE_SYS_STAT_H 1
| #define HAVE_STDLIB_H 1
| #define HAVE_STRING_H 1
| #define HAVE_MEMORY_H 1
| #define HAVE_STRINGS_H 1
| #define HAVE_INTTYPES_H 1
| #define HAVE_STDINT_H 1
| #define HAVE_UNISTD_H 1
| #define HAVE_OPENSSL_X509_H 1
| #define HAVE_DECL_EVP_PKEY_CTX_NEW 1
| /* end confdefs.h.  */
| 
| /* Override any GCC internal prototype to avoid an error.
|    Use char because int might match the return type of a GCC
|    builtin and then its argument prototype would still apply.  */
| #ifdef __cplusplus
| extern "C"
| #endif
| char ldapssl_install_routines ();
| int
| main ()
| {
| return ldapssl_install_routines ();
|   ;
|   return 0;
| }
configure:8929: result: no
configure:11427: checking for ber_init in -llber
configure:11452: gcc -o conftest -g -O2 -pthread  -DLINUX -D_REENTRANT -D_GNU_SOURCE  conftest.c -llber   >&5
configure:11452: $? = 0
configure:11462: result: yes
configure:11491: checking lber.h usability
configure:11491: gcc -c -g -O2 -pthread  -DLINUX -D_REENTRANT -D_GNU_SOURCE conftest.c >&5
configure:11491: $? = 0
configure:11491: result: yes
configure:11491: checking lber.h presence
configure:11491: gcc -E  -DLINUX -D_REENTRANT -D_GNU_SOURCE conftest.c
configure:11491: $? = 0
configure:11491: result: yes
configure:11491: checking for lber.h
configure:11491: result: yes
configure:11505: checking for ldap.h
configure:11518: gcc -E  -DLINUX -D_REENTRANT -D_GNU_SOURCE conftest.c
configure:11518: $? = 0
configure:11525: result: yes
configure:11536: checking ldap_ssl.h usability
configure:11536: gcc -c -g -O2 -pthread  -DLINUX -D_REENTRANT -D_GNU_SOURCE conftest.c >&5
conftest.c:56:22: fatal error: ldap_ssl.h: No such file or directory
 #include <ldap_ssl.h>
                      ^
compilation terminated.
configure:11536: $? = 1
configure: failed program was:
| /* confdefs.h */
| #define PACKAGE_NAME ""
| #define PACKAGE_TARNAME ""
| #define PACKAGE_VERSION ""
| #define PACKAGE_STRING ""
| #define PACKAGE_BUGREPORT ""
| #define PACKAGE_URL ""
| #define STDC_HEADERS 1
| #define HAVE_SYS_TYPES_H 1
| #define HAVE_SYS_STAT_H 1
| #define HAVE_STDLIB_H 1
| #define HAVE_STRING_H 1
| #define HAVE_MEMORY_H 1
| #define HAVE_STRINGS_H 1
| #define HAVE_INTTYPES_H 1
| #define HAVE_STDINT_H 1
| #define HAVE_UNISTD_H 1
| #define HAVE_OPENSSL_X509_H 1
| #define HAVE_DECL_EVP_PKEY_CTX_NEW 1
| #define HAVE_LBER_H 1
| #define HAVE_LDAP_H 1
| /* end confdefs.h.  */
| #include <stdio.h>
| #ifdef HAVE_SYS_TYPES_H
| # include <sys/types.h>
| #endif
| #ifdef HAVE_SYS_STAT_H
| # include <sys/stat.h>
| #endif
| #ifdef STDC_HEADERS
| # include <stdlib.h>
| # include <stddef.h>
| #else
| # ifdef HAVE_STDLIB_H
| #  include <stdlib.h>
| # endif
| #endif
| #ifdef HAVE_STRING_H
| # if !defined STDC_HEADERS && defined HAVE_MEMORY_H
| #  include <memory.h>
| # endif
| # include <string.h>
| #endif
| #ifdef HAVE_STRINGS_H
| # include <strings.h>
| #endif
| #ifdef HAVE_INTTYPES_H
| # include <inttypes.h>
| #endif
| #ifdef HAVE_STDINT_H
| # include <stdint.h>
| #endif
| #ifdef HAVE_UNISTD_H
| # include <unistd.h>
| #endif
| #include <ldap_ssl.h>
configure:11536: result: no
configure:11536: checking ldap_ssl.h presence
configure:11536: gcc -E  -DLINUX -D_REENTRANT -D_GNU_SOURCE conftest.c
conftest.c:23:22: fatal error: ldap_ssl.h: No such file or directory
 #include <ldap_ssl.h>
                      ^
compilation terminated.
configure:11536: $? = 1
configure: failed program was:
| /* confdefs.h */
| #define PACKAGE_NAME ""
| #define PACKAGE_TARNAME ""
| #define PACKAGE_VERSION ""
| #define PACKAGE_STRING ""
| #define PACKAGE_BUGREPORT ""
| #define PACKAGE_URL ""
| #define STDC_HEADERS 1
| #define HAVE_SYS_TYPES_H 1
| #define HAVE_SYS_STAT_H 1
| #define HAVE_STDLIB_H 1
| #define HAVE_STRING_H 1
| #define HAVE_MEMORY_H 1
| #define HAVE_STRINGS_H 1
| #define HAVE_INTTYPES_H 1
| #define HAVE_STDINT_H 1
| #define HAVE_UNISTD_H 1
| #define HAVE_OPENSSL_X509_H 1
| #define HAVE_DECL_EVP_PKEY_CTX_NEW 1
| #define HAVE_LBER_H 1
| #define HAVE_LDAP_H 1
| /* end confdefs.h.  */
| #include <ldap_ssl.h>
configure:11536: result: no
configure:11536: checking for ldap_ssl.h
configure:11536: result: no
configure:11548: checking for LDAP toolkit
configure:11683: result: OpenLDAP
configure:11702: checking style of ldap_set_rebind_proc routine
configure:11731: gcc -c -g -O2 -pthread  -Werror  -DLINUX -D_REENTRANT -D_GNU_SOURCE -I/usr/local/ssl/include conftest.c >&5
configure:11731: $? = 0
configure:11740: result: three
configure:18781: checking for default DBM
configure:18783: result: sdbm (default)
configure:19633: checking for pg_config
configure:19666: result: no
configure:19721: checking libpq-fe.h usability
configure:19721: gcc -c -g -O2 -pthread  -DLINUX -D_REENTRANT -D_GNU_SOURCE conftest.c >&5
conftest.c:57:22: fatal error: libpq-fe.h: No such file or directory
 #include <libpq-fe.h>
                      ^
compilation terminated.
configure:19721: $? = 1
configure: failed program was:
| /* confdefs.h */
| #define PACKAGE_NAME ""
| #define PACKAGE_TARNAME ""
| #define PACKAGE_VERSION ""
| #define PACKAGE_STRING ""
| #define PACKAGE_BUGREPORT ""
| #define PACKAGE_URL ""
| #define STDC_HEADERS 1
| #define HAVE_SYS_TYPES_H 1
| #define HAVE_SYS_STAT_H 1
| #define HAVE_STDLIB_H 1
| #define HAVE_STRING_H 1
| #define HAVE_MEMORY_H 1
| #define HAVE_STRINGS_H 1
| #define HAVE_INTTYPES_H 1
| #define HAVE_STDINT_H 1
| #define HAVE_UNISTD_H 1
| #define HAVE_OPENSSL_X509_H 1
| #define HAVE_DECL_EVP_PKEY_CTX_NEW 1
| #define HAVE_LBER_H 1
| #define HAVE_LDAP_H 1
| #define LDAP_SET_REBIND_PROC_THREE 1
| /* end confdefs.h.  */
| #include <stdio.h>
| #ifdef HAVE_SYS_TYPES_H
| # include <sys/types.h>
| #endif
| #ifdef HAVE_SYS_STAT_H
| # include <sys/stat.h>
| #endif
| #ifdef STDC_HEADERS
| # include <stdlib.h>
| # include <stddef.h>
| #else
| # ifdef HAVE_STDLIB_H
| #  include <stdlib.h>
| # endif
| #endif
| #ifdef HAVE_STRING_H
| # if !defined STDC_HEADERS && defined HAVE_MEMORY_H
| #  include <memory.h>
| # endif
| # include <string.h>
| #endif
| #ifdef HAVE_STRINGS_H
| # include <strings.h>
| #endif
| #ifdef HAVE_INTTYPES_H
| # include <inttypes.h>
| #endif
| #ifdef HAVE_STDINT_H
| # include <stdint.h>
| #endif
| #ifdef HAVE_UNISTD_H
| # include <unistd.h>
| #endif
| #include <libpq-fe.h>
configure:19721: result: no
configure:19721: checking libpq-fe.h presence
configure:19721: gcc -E  -DLINUX -D_REENTRANT -D_GNU_SOURCE conftest.c
conftest.c:24:22: fatal error: libpq-fe.h: No such file or directory
 #include <libpq-fe.h>
                      ^
compilation terminated.
configure:19721: $? = 1
configure: failed program was:
| /* confdefs.h */
| #define PACKAGE_NAME ""
| #define PACKAGE_TARNAME ""
| #define PACKAGE_VERSION ""
| #define PACKAGE_STRING ""
| #define PACKAGE_BUGREPORT ""
| #define PACKAGE_URL ""
| #define STDC_HEADERS 1
| #define HAVE_SYS_TYPES_H 1
| #define HAVE_SYS_STAT_H 1
| #define HAVE_STDLIB_H 1
| #define HAVE_STRING_H 1
| #define HAVE_MEMORY_H 1
| #define HAVE_STRINGS_H 1
| #define HAVE_INTTYPES_H 1
| #define HAVE_STDINT_H 1
| #define HAVE_UNISTD_H 1
| #define HAVE_OPENSSL_X509_H 1
| #define HAVE_DECL_EVP_PKEY_CTX_NEW 1
| #define HAVE_LBER_H 1
| #define HAVE_LDAP_H 1
| #define LDAP_SET_REBIND_PROC_THREE 1
| /* end confdefs.h.  */
| #include <libpq-fe.h>
configure:19721: result: no
configure:19721: checking for libpq-fe.h
configure:19721: result: no
configure:19843: checking postgresql/libpq-fe.h usability
configure:19843: gcc -c -g -O2 -pthread  -DLINUX -D_REENTRANT -D_GNU_SOURCE conftest.c >&5
conftest.c:57:33: fatal error: postgresql/libpq-fe.h: No such file or directory
 #include <postgresql/libpq-fe.h>
                                 ^
compilation terminated.
configure:19843: $? = 1
configure: failed program was:
| /* confdefs.h */
| #define PACKAGE_NAME ""
| #define PACKAGE_TARNAME ""
| #define PACKAGE_VERSION ""
| #define PACKAGE_STRING ""
| #define PACKAGE_BUGREPORT ""
| #define PACKAGE_URL ""
| #define STDC_HEADERS 1
| #define HAVE_SYS_TYPES_H 1
| #define HAVE_SYS_STAT_H 1
| #define HAVE_STDLIB_H 1
| #define HAVE_STRING_H 1
| #define HAVE_MEMORY_H 1
| #define HAVE_STRINGS_H 1
| #define HAVE_INTTYPES_H 1
| #define HAVE_STDINT_H 1
| #define HAVE_UNISTD_H 1
| #define HAVE_OPENSSL_X509_H 1
| #define HAVE_DECL_EVP_PKEY_CTX_NEW 1
| #define HAVE_LBER_H 1
| #define HAVE_LDAP_H 1
| #define LDAP_SET_REBIND_PROC_THREE 1
| /* end confdefs.h.  */
| #include <stdio.h>
| #ifdef HAVE_SYS_TYPES_H
| # include <sys/types.h>
| #endif
| #ifdef HAVE_SYS_STAT_H
| # include <sys/stat.h>
| #endif
| #ifdef STDC_HEADERS
| # include <stdlib.h>
| # include <stddef.h>
| #else
| # ifdef HAVE_STDLIB_H
| #  include <stdlib.h>
| # endif
| #endif
| #ifdef HAVE_STRING_H
| # if !defined STDC_HEADERS && defined HAVE_MEMORY_H
| #  include <memory.h>
| # endif
| # include <string.h>
| #endif
| #ifdef HAVE_STRINGS_H
| # include <strings.h>
| #endif
| #ifdef HAVE_INTTYPES_H
| # include <inttypes.h>
| #endif
| #ifdef HAVE_STDINT_H
| # include <stdint.h>
| #endif
| #ifdef HAVE_UNISTD_H
| # include <unistd.h>
| #endif
| #include <postgresql/libpq-fe.h>
configure:19843: result: no
configure:19843: checking postgresql/libpq-fe.h presence
configure:19843: gcc -E  -DLINUX -D_REENTRANT -D_GNU_SOURCE conftest.c
conftest.c:24:33: fatal error: postgresql/libpq-fe.h: No such file or directory
 #include <postgresql/libpq-fe.h>
                                 ^
compilation terminated.
configure:19843: $? = 1
configure: failed program was:
| /* confdefs.h */
| #define PACKAGE_NAME ""
| #define PACKAGE_TARNAME ""
| #define PACKAGE_VERSION ""
| #define PACKAGE_STRING ""
| #define PACKAGE_BUGREPORT ""
| #define PACKAGE_URL ""
| #define STDC_HEADERS 1
| #define HAVE_SYS_TYPES_H 1
| #define HAVE_SYS_STAT_H 1
| #define HAVE_STDLIB_H 1
| #define HAVE_STRING_H 1
| #define HAVE_MEMORY_H 1
| #define HAVE_STRINGS_H 1
| #define HAVE_INTTYPES_H 1
| #define HAVE_STDINT_H 1
| #define HAVE_UNISTD_H 1
| #define HAVE_OPENSSL_X509_H 1
| #define HAVE_DECL_EVP_PKEY_CTX_NEW 1
| #define HAVE_LBER_H 1
| #define HAVE_LDAP_H 1
| #define LDAP_SET_REBIND_PROC_THREE 1
| /* end confdefs.h.  */
| #include <postgresql/libpq-fe.h>
configure:19843: result: no
configure:19843: checking for postgresql/libpq-fe.h
configure:19843: result: no
configure:20739: checking sqlite3.h usability
configure:20739: gcc -c -g -O2 -pthread  -DLINUX -D_REENTRANT -D_GNU_SOURCE conftest.c >&5
conftest.c:57:21: fatal error: sqlite3.h: No such file or directory
 #include <sqlite3.h>
                     ^
compilation terminated.
configure:20739: $? = 1
configure: failed program was:
| /* confdefs.h */
| #define PACKAGE_NAME ""
| #define PACKAGE_TARNAME ""
| #define PACKAGE_VERSION ""
| #define PACKAGE_STRING ""
| #define PACKAGE_BUGREPORT ""
| #define PACKAGE_URL ""
| #define STDC_HEADERS 1
| #define HAVE_SYS_TYPES_H 1
| #define HAVE_SYS_STAT_H 1
| #define HAVE_STDLIB_H 1
| #define HAVE_STRING_H 1
| #define HAVE_MEMORY_H 1
| #define HAVE_STRINGS_H 1
| #define HAVE_INTTYPES_H 1
| #define HAVE_STDINT_H 1
| #define HAVE_UNISTD_H 1
| #define HAVE_OPENSSL_X509_H 1
| #define HAVE_DECL_EVP_PKEY_CTX_NEW 1
| #define HAVE_LBER_H 1
| #define HAVE_LDAP_H 1
| #define LDAP_SET_REBIND_PROC_THREE 1
| /* end confdefs.h.  */
| #include <stdio.h>
| #ifdef HAVE_SYS_TYPES_H
| # include <sys/types.h>
| #endif
| #ifdef HAVE_SYS_STAT_H
| # include <sys/stat.h>
| #endif
| #ifdef STDC_HEADERS
| # include <stdlib.h>
| # include <stddef.h>
| #else
| # ifdef HAVE_STDLIB_H
| #  include <stdlib.h>
| # endif
| #endif
| #ifdef HAVE_STRING_H
| # if !defined STDC_HEADERS && defined HAVE_MEMORY_H
| #  include <memory.h>
| # endif
| # include <string.h>
| #endif
| #ifdef HAVE_STRINGS_H
| # include <strings.h>
| #endif
| #ifdef HAVE_INTTYPES_H
| # include <inttypes.h>
| #endif
| #ifdef HAVE_STDINT_H
| # include <stdint.h>
| #endif
| #ifdef HAVE_UNISTD_H
| # include <unistd.h>
| #endif
| #include <sqlite3.h>
configure:20739: result: no
configure:20739: checking sqlite3.h presence
configure:20739: gcc -E  -DLINUX -D_REENTRANT -D_GNU_SOURCE conftest.c
conftest.c:24:21: fatal error: sqlite3.h: No such file or directory
 #include <sqlite3.h>
                     ^
compilation terminated.
configure:20739: $? = 1
configure: failed program was:
| /* confdefs.h */
| #define PACKAGE_NAME ""
| #define PACKAGE_TARNAME ""
| #define PACKAGE_VERSION ""
| #define PACKAGE_STRING ""
| #define PACKAGE_BUGREPORT ""
| #define PACKAGE_URL ""
| #define STDC_HEADERS 1
| #define HAVE_SYS_TYPES_H 1
| #define HAVE_SYS_STAT_H 1
| #define HAVE_STDLIB_H 1
| #define HAVE_STRING_H 1
| #define HAVE_MEMORY_H 1
| #define HAVE_STRINGS_H 1
| #define HAVE_INTTYPES_H 1
| #define HAVE_STDINT_H 1
| #define HAVE_UNISTD_H 1
| #define HAVE_OPENSSL_X509_H 1
| #define HAVE_DECL_EVP_PKEY_CTX_NEW 1
| #define HAVE_LBER_H 1
| #define HAVE_LDAP_H 1
| #define LDAP_SET_REBIND_PROC_THREE 1
| /* end confdefs.h.  */
| #include <sqlite3.h>
configure:20739: result: no
configure:20739: checking for sqlite3.h
configure:20739: result: no
configure:21017: checking sqlite.h usability
configure:21017: gcc -c -g -O2 -pthread  -DLINUX -D_REENTRANT -D_GNU_SOURCE conftest.c >&5
conftest.c:57:20: fatal error: sqlite.h: No such file or directory
 #include <sqlite.h>
                    ^
compilation terminated.
configure:21017: $? = 1
configure: failed program was:
| /* confdefs.h */
| #define PACKAGE_NAME ""
| #define PACKAGE_TARNAME ""
| #define PACKAGE_VERSION ""
| #define PACKAGE_STRING ""
| #define PACKAGE_BUGREPORT ""
| #define PACKAGE_URL ""
| #define STDC_HEADERS 1
| #define HAVE_SYS_TYPES_H 1
| #define HAVE_SYS_STAT_H 1
| #define HAVE_STDLIB_H 1
| #define HAVE_STRING_H 1
| #define HAVE_MEMORY_H 1
| #define HAVE_STRINGS_H 1
| #define HAVE_INTTYPES_H 1
| #define HAVE_STDINT_H 1
| #define HAVE_UNISTD_H 1
| #define HAVE_OPENSSL_X509_H 1
| #define HAVE_DECL_EVP_PKEY_CTX_NEW 1
| #define HAVE_LBER_H 1
| #define HAVE_LDAP_H 1
| #define LDAP_SET_REBIND_PROC_THREE 1
| /* end confdefs.h.  */
| #include <stdio.h>
| #ifdef HAVE_SYS_TYPES_H
| # include <sys/types.h>
| #endif
| #ifdef HAVE_SYS_STAT_H
| # include <sys/stat.h>
| #endif
| #ifdef STDC_HEADERS
| # include <stdlib.h>
| # include <stddef.h>
| #else
| # ifdef HAVE_STDLIB_H
| #  include <stdlib.h>
| # endif
| #endif
| #ifdef HAVE_STRING_H
| # if !defined STDC_HEADERS && defined HAVE_MEMORY_H
| #  include <memory.h>
| # endif
| # include <string.h>
| #endif
| #ifdef HAVE_STRINGS_H
| # include <strings.h>
| #endif
| #ifdef HAVE_INTTYPES_H
| # include <inttypes.h>
| #endif
| #ifdef HAVE_STDINT_H
| # include <stdint.h>
| #endif
| #ifdef HAVE_UNISTD_H
| # include <unistd.h>
| #endif
| #include <sqlite.h>
configure:21017: result: no
configure:21017: checking sqlite.h presence
configure:21017: gcc -E  -DLINUX -D_REENTRANT -D_GNU_SOURCE conftest.c
conftest.c:24:20: fatal error: sqlite.h: No such file or directory
 #include <sqlite.h>
                    ^
compilation terminated.
configure:21017: $? = 1
configure: failed program was:
| /* confdefs.h */
| #define PACKAGE_NAME ""
| #define PACKAGE_TARNAME ""
| #define PACKAGE_VERSION ""
| #define PACKAGE_STRING ""
| #define PACKAGE_BUGREPORT ""
| #define PACKAGE_URL ""
| #define STDC_HEADERS 1
| #define HAVE_SYS_TYPES_H 1
| #define HAVE_SYS_STAT_H 1
| #define HAVE_STDLIB_H 1
| #define HAVE_STRING_H 1
| #define HAVE_MEMORY_H 1
| #define HAVE_STRINGS_H 1
| #define HAVE_INTTYPES_H 1
| #define HAVE_STDINT_H 1
| #define HAVE_UNISTD_H 1
| #define HAVE_OPENSSL_X509_H 1
| #define HAVE_DECL_EVP_PKEY_CTX_NEW 1
| #define HAVE_LBER_H 1
| #define HAVE_LDAP_H 1
| #define LDAP_SET_REBIND_PROC_THREE 1
| /* end confdefs.h.  */
| #include <sqlite.h>
configure:21017: result: no
configure:21017: checking for sqlite.h
configure:21017: result: no
configure:22237: checking for odbc_config
configure:22270: result: no
configure:22347: checking sql.h usability
configure:22347: gcc -c -g -O2 -pthread  -DLINUX -D_REENTRANT -D_GNU_SOURCE conftest.c >&5
conftest.c:57:17: fatal error: sql.h: No such file or directory
 #include <sql.h>
                 ^
compilation terminated.
configure:22347: $? = 1
configure: failed program was:
| /* confdefs.h */
| #define PACKAGE_NAME ""
| #define PACKAGE_TARNAME ""
| #define PACKAGE_VERSION ""
| #define PACKAGE_STRING ""
| #define PACKAGE_BUGREPORT ""
| #define PACKAGE_URL ""
| #define STDC_HEADERS 1
| #define HAVE_SYS_TYPES_H 1
| #define HAVE_SYS_STAT_H 1
| #define HAVE_STDLIB_H 1
| #define HAVE_STRING_H 1
| #define HAVE_MEMORY_H 1
| #define HAVE_STRINGS_H 1
| #define HAVE_INTTYPES_H 1
| #define HAVE_STDINT_H 1
| #define HAVE_UNISTD_H 1
| #define HAVE_OPENSSL_X509_H 1
| #define HAVE_DECL_EVP_PKEY_CTX_NEW 1
| #define HAVE_LBER_H 1
| #define HAVE_LDAP_H 1
| #define LDAP_SET_REBIND_PROC_THREE 1
| /* end confdefs.h.  */
| #include <stdio.h>
| #ifdef HAVE_SYS_TYPES_H
| # include <sys/types.h>
| #endif
| #ifdef HAVE_SYS_STAT_H
| # include <sys/stat.h>
| #endif
| #ifdef STDC_HEADERS
| # include <stdlib.h>
| # include <stddef.h>
| #else
| # ifdef HAVE_STDLIB_H
| #  include <stdlib.h>
| # endif
| #endif
| #ifdef HAVE_STRING_H
| # if !defined STDC_HEADERS && defined HAVE_MEMORY_H
| #  include <memory.h>
| # endif
| # include <string.h>
| #endif
| #ifdef HAVE_STRINGS_H
| # include <strings.h>
| #endif
| #ifdef HAVE_INTTYPES_H
| # include <inttypes.h>
| #endif
| #ifdef HAVE_STDINT_H
| # include <stdint.h>
| #endif
| #ifdef HAVE_UNISTD_H
| # include <unistd.h>
| #endif
| #include <sql.h>
configure:22347: result: no
configure:22347: checking sql.h presence
configure:22347: gcc -E  -DLINUX -D_REENTRANT -D_GNU_SOURCE conftest.c
conftest.c:24:17: fatal error: sql.h: No such file or directory
 #include <sql.h>
                 ^
compilation terminated.
configure:22347: $? = 1
configure: failed program was:
| /* confdefs.h */
| #define PACKAGE_NAME ""
| #define PACKAGE_TARNAME ""
| #define PACKAGE_VERSION ""
| #define PACKAGE_STRING ""
| #define PACKAGE_BUGREPORT ""
| #define PACKAGE_URL ""
| #define STDC_HEADERS 1
| #define HAVE_SYS_TYPES_H 1
| #define HAVE_SYS_STAT_H 1
| #define HAVE_STDLIB_H 1
| #define HAVE_STRING_H 1
| #define HAVE_MEMORY_H 1
| #define HAVE_STRINGS_H 1
| #define HAVE_INTTYPES_H 1
| #define HAVE_STDINT_H 1
| #define HAVE_UNISTD_H 1
| #define HAVE_OPENSSL_X509_H 1
| #define HAVE_DECL_EVP_PKEY_CTX_NEW 1
| #define HAVE_LBER_H 1
| #define HAVE_LDAP_H 1
| #define LDAP_SET_REBIND_PROC_THREE 1
| /* end confdefs.h.  */
| #include <sql.h>
configure:22347: result: no
configure:22347: checking for sql.h
configure:22347: result: no
configure:22399: checking odbc/sql.h usability
configure:22399: gcc -c -g -O2 -pthread  -DLINUX -D_REENTRANT -D_GNU_SOURCE conftest.c >&5
conftest.c:57:22: fatal error: odbc/sql.h: No such file or directory
 #include <odbc/sql.h>
                      ^
compilation terminated.
configure:22399: $? = 1
configure: failed program was:
| /* confdefs.h */
| #define PACKAGE_NAME ""
| #define PACKAGE_TARNAME ""
| #define PACKAGE_VERSION ""
| #define PACKAGE_STRING ""
| #define PACKAGE_BUGREPORT ""
| #define PACKAGE_URL ""
| #define STDC_HEADERS 1
| #define HAVE_SYS_TYPES_H 1
| #define HAVE_SYS_STAT_H 1
| #define HAVE_STDLIB_H 1
| #define HAVE_STRING_H 1
| #define HAVE_MEMORY_H 1
| #define HAVE_STRINGS_H 1
| #define HAVE_INTTYPES_H 1
| #define HAVE_STDINT_H 1
| #define HAVE_UNISTD_H 1
| #define HAVE_OPENSSL_X509_H 1
| #define HAVE_DECL_EVP_PKEY_CTX_NEW 1
| #define HAVE_LBER_H 1
| #define HAVE_LDAP_H 1
| #define LDAP_SET_REBIND_PROC_THREE 1
| /* end confdefs.h.  */
| #include <stdio.h>
| #ifdef HAVE_SYS_TYPES_H
| # include <sys/types.h>
| #endif
| #ifdef HAVE_SYS_STAT_H
| # include <sys/stat.h>
| #endif
| #ifdef STDC_HEADERS
| # include <stdlib.h>
| # include <stddef.h>
| #else
| # ifdef HAVE_STDLIB_H
| #  include <stdlib.h>
| # endif
| #endif
| #ifdef HAVE_STRING_H
| # if !defined STDC_HEADERS && defined HAVE_MEMORY_H
| #  include <memory.h>
| # endif
| # include <string.h>
| #endif
| #ifdef HAVE_STRINGS_H
| # include <strings.h>
| #endif
| #ifdef HAVE_INTTYPES_H
| # include <inttypes.h>
| #endif
| #ifdef HAVE_STDINT_H
| # include <stdint.h>
| #endif
| #ifdef HAVE_UNISTD_H
| # include <unistd.h>
| #endif
| #include <odbc/sql.h>
configure:22399: result: no
configure:22399: checking odbc/sql.h presence
configure:22399: gcc -E  -DLINUX -D_REENTRANT -D_GNU_SOURCE conftest.c
conftest.c:24:22: fatal error: odbc/sql.h: No such file or directory
 #include <odbc/sql.h>
                      ^
compilation terminated.
configure:22399: $? = 1
configure: failed program was:
| /* confdefs.h */
| #define PACKAGE_NAME ""
| #define PACKAGE_TARNAME ""
| #define PACKAGE_VERSION ""
| #define PACKAGE_STRING ""
| #define PACKAGE_BUGREPORT ""
| #define PACKAGE_URL ""
| #define STDC_HEADERS 1
| #define HAVE_SYS_TYPES_H 1
| #define HAVE_SYS_STAT_H 1
| #define HAVE_STDLIB_H 1
| #define HAVE_STRING_H 1
| #define HAVE_MEMORY_H 1
| #define HAVE_STRINGS_H 1
| #define HAVE_INTTYPES_H 1
| #define HAVE_STDINT_H 1
| #define HAVE_UNISTD_H 1
| #define HAVE_OPENSSL_X509_H 1
| #define HAVE_DECL_EVP_PKEY_CTX_NEW 1
| #define HAVE_LBER_H 1
| #define HAVE_LDAP_H 1
| #define LDAP_SET_REBIND_PROC_THREE 1
| /* end confdefs.h.  */
| #include <odbc/sql.h>
configure:22399: result: no
configure:22399: checking for odbc/sql.h
configure:22399: result: no
configure:22628: checking Expat 1.95.x
configure:22648: gcc -o conftest -g -O2 -pthread  -DLINUX -D_REENTRANT -D_GNU_SOURCE  conftest.c  -lexpat >&5
configure:22648: $? = 0
configure:22658: result: yes
configure:23156: checking iconv.h usability
configure:23156: gcc -c -g -O2 -pthread  -DLINUX -D_REENTRANT -D_GNU_SOURCE conftest.c >&5
configure:23156: $? = 0
configure:23156: result: yes
configure:23156: checking iconv.h presence
configure:23156: gcc -E  -DLINUX -D_REENTRANT -D_GNU_SOURCE conftest.c
configure:23156: $? = 0
configure:23156: result: yes
configure:23156: checking for iconv.h
configure:23156: result: yes
configure:23177: gcc -o conftest -g -O2 -pthread  -DLINUX -D_REENTRANT -D_GNU_SOURCE  conftest.c  >&5
configure:23177: $? = 0
configure:23400: checking for type of inbuf parameter to iconv
configure:23423: gcc -c -g -O2 -pthread  -Werror  -DLINUX -D_REENTRANT -D_GNU_SOURCE conftest.c >&5
configure:23423: $? = 0
configure:23440: result: char **
configure:23449: checking for iconv.h
configure:23449: result: yes
configure:23449: checking langinfo.h usability
configure:23449: gcc -c -g -O2 -pthread  -DLINUX -D_REENTRANT -D_GNU_SOURCE conftest.c >&5
configure:23449: $? = 0
configure:23449: result: yes
configure:23449: checking langinfo.h presence
configure:23449: gcc -E  -DLINUX -D_REENTRANT -D_GNU_SOURCE conftest.c
configure:23449: $? = 0
configure:23449: result: yes
configure:23449: checking for langinfo.h
configure:23449: result: yes
configure:23473: checking for nl_langinfo
configure:23473: gcc -o conftest -g -O2 -pthread  -DLINUX -D_REENTRANT -D_GNU_SOURCE  conftest.c  >&5
configure:23473: $? = 0
configure:23473: result: yes
configure:23493: checking for CODESET in langinfo.h
configure:23518: result: yes
configure:23542: checking whether APR has DSO support
configure:23567: result: yes
configure:23652: checking for library containing crypt
configure:23683: gcc -o conftest -g -O2 -pthread  -DLINUX -D_REENTRANT -D_GNU_SOURCE  conftest.c  >&5
/tmp/ccqTk0eZ.o: In function `main':
/opt/initserver/httpd-2.4.53/src/EXTModule/apr-util-1.6.1/conftest.c:41: undefined reference to `crypt'
collect2: error: ld returned 1 exit status
configure:23683: $? = 1
configure: failed program was:
| /* confdefs.h */
| #define PACKAGE_NAME ""
| #define PACKAGE_TARNAME ""
| #define PACKAGE_VERSION ""
| #define PACKAGE_STRING ""
| #define PACKAGE_BUGREPORT ""
| #define PACKAGE_URL ""
| #define STDC_HEADERS 1
| #define HAVE_SYS_TYPES_H 1
| #define HAVE_SYS_STAT_H 1
| #define HAVE_STDLIB_H 1
| #define HAVE_STRING_H 1
| #define HAVE_MEMORY_H 1
| #define HAVE_STRINGS_H 1
| #define HAVE_INTTYPES_H 1
| #define HAVE_STDINT_H 1
| #define HAVE_UNISTD_H 1
| #define HAVE_OPENSSL_X509_H 1
| #define HAVE_DECL_EVP_PKEY_CTX_NEW 1
| #define HAVE_LBER_H 1
| #define HAVE_LDAP_H 1
| #define LDAP_SET_REBIND_PROC_THREE 1
| #define HAVE_EXPAT_H 1
| #define HAVE_ICONV_H 1
| #define HAVE_LANGINFO_H 1
| #define HAVE_NL_LANGINFO 1
| #define HAVE_CODESET 1
| #define APU_DSO_BUILD 1
| /* end confdefs.h.  */
| 
| /* Override any GCC internal prototype to avoid an error.
|    Use char because int might match the return type of a GCC
|    builtin and then its argument prototype would still apply.  */
| #ifdef __cplusplus
| extern "C"
| #endif
| char crypt ();
| int
| main ()
| {
| return crypt ();
|   ;
|   return 0;
| }
configure:23683: gcc -o conftest -g -O2 -pthread  -DLINUX -D_REENTRANT -D_GNU_SOURCE  conftest.c -lcrypt   >&5
configure:23683: $? = 0
configure:23700: result: -lcrypt
configure:23708: checking if system crypt() function is threadsafe
configure:23718: result: no
configure:23723: checking for crypt_r
configure:23723: gcc -o conftest -g -O2 -pthread  -DLINUX -D_REENTRANT -D_GNU_SOURCE  conftest.c -lcrypt  >&5
configure:23723: $? = 0
configure:23723: result: yes
configure:23737: checking style of crypt_r
configure:23754: gcc -c -g -O2 -pthread  -DLINUX -D_REENTRANT -D_GNU_SOURCE conftest.c >&5
conftest.c: In function 'main':
conftest.c:35:1: error: unknown type name 'CRYPTD'
 CRYPTD buffer;
 ^
conftest.c:36:3: warning: passing argument 3 of 'crypt_r' from incompatible pointer type [enabled by default]
   crypt_r("passwd", "hash", &buffer);
   ^
In file included from conftest.c:31:0:
/usr/include/crypt.h:60:14: note: expected 'struct crypt_data * __restrict__' but argument is of type 'int *'
 extern char *crypt_r (const char *__key, const char *__salt,
              ^
configure:23754: $? = 1
configure: failed program was:
| /* confdefs.h */
| #define PACKAGE_NAME ""
| #define PACKAGE_TARNAME ""
| #define PACKAGE_VERSION ""
| #define PACKAGE_STRING ""
| #define PACKAGE_BUGREPORT ""
| #define PACKAGE_URL ""
| #define STDC_HEADERS 1
| #define HAVE_SYS_TYPES_H 1
| #define HAVE_SYS_STAT_H 1
| #define HAVE_STDLIB_H 1
| #define HAVE_STRING_H 1
| #define HAVE_MEMORY_H 1
| #define HAVE_STRINGS_H 1
| #define HAVE_INTTYPES_H 1
| #define HAVE_STDINT_H 1
| #define HAVE_UNISTD_H 1
| #define HAVE_OPENSSL_X509_H 1
| #define HAVE_DECL_EVP_PKEY_CTX_NEW 1
| #define HAVE_LBER_H 1
| #define HAVE_LDAP_H 1
| #define LDAP_SET_REBIND_PROC_THREE 1
| #define HAVE_EXPAT_H 1
| #define HAVE_ICONV_H 1
| #define HAVE_LANGINFO_H 1
| #define HAVE_NL_LANGINFO 1
| #define HAVE_CODESET 1
| #define APU_DSO_BUILD 1
| #define HAVE_CRYPT_R 1
| /* end confdefs.h.  */
| #include <crypt.h>
| int
| main ()
| {
| CRYPTD buffer;
|   crypt_r("passwd", "hash", &buffer);
|   ;
|   return 0;
| }
configure:23769: gcc -c -g -O2 -pthread  -DLINUX -D_REENTRANT -D_GNU_SOURCE conftest.c >&5
configure:23769: $? = 0
configure:23778: result: struct_crypt_data
configure:23793: checking whether the compiler handles weak symbols
configure:23814: gcc -o conftest -g -O2 -pthread  -DLINUX -D_REENTRANT -D_GNU_SOURCE  conftest.c -lcrypt  >&5
configure:23814: $? = 0
configure:23814: ./conftest
configure:23814: $? = 0
configure:23824: result: yes
configure:23833: checking for memset_s support
configure:23855: gcc -o conftest -g -O2 -pthread  -DLINUX -D_REENTRANT -D_GNU_SOURCE  conftest.c -lcrypt  >&5
/tmp/ccDnQ5o6.o: In function `main':
/opt/initserver/httpd-2.4.53/src/EXTModule/apr-util-1.6.1/conftest.c:42: undefined reference to `memset_s'
collect2: error: ld returned 1 exit status
configure:23855: $? = 1
configure: program exited with status 1
configure: failed program was:
| /* confdefs.h */
| #define PACKAGE_NAME ""
| #define PACKAGE_TARNAME ""
| #define PACKAGE_VERSION ""
| #define PACKAGE_STRING ""
| #define PACKAGE_BUGREPORT ""
| #define PACKAGE_URL ""
| #define STDC_HEADERS 1
| #define HAVE_SYS_TYPES_H 1
| #define HAVE_SYS_STAT_H 1
| #define HAVE_STDLIB_H 1
| #define HAVE_STRING_H 1
| #define HAVE_MEMORY_H 1
| #define HAVE_STRINGS_H 1
| #define HAVE_INTTYPES_H 1
| #define HAVE_STDINT_H 1
| #define HAVE_UNISTD_H 1
| #define HAVE_OPENSSL_X509_H 1
| #define HAVE_DECL_EVP_PKEY_CTX_NEW 1
| #define HAVE_LBER_H 1
| #define HAVE_LDAP_H 1
| #define LDAP_SET_REBIND_PROC_THREE 1
| #define HAVE_EXPAT_H 1
| #define HAVE_ICONV_H 1
| #define HAVE_LANGINFO_H 1
| #define HAVE_NL_LANGINFO 1
| #define HAVE_CODESET 1
| #define APU_DSO_BUILD 1
| #define HAVE_CRYPT_R 1
| #define CRYPT_R_STRUCT_CRYPT_DATA 1
| #define HAVE_WEAK_SYMBOLS 1
| /* end confdefs.h.  */
| 
| #ifdef HAVE_STRING_H
| #define __STDC_WANT_LIB_EXT1__ 1
| #include <string.h>
| #endif
| 
| int main(int argc, const char **argv)
| {
|     char buf[1] = {1};
|     return memset_s(buf, sizeof buf, 0, sizeof buf) != 0 || *buf != '\0';
| }
configure:23865: result: no
configure:23874: checking for explicit_bzero support
configure:23899: gcc -o conftest -g -O2 -pthread  -DLINUX -D_REENTRANT -D_GNU_SOURCE  conftest.c -lcrypt  >&5
/tmp/cciOL6L7.o: In function `main':
/opt/initserver/httpd-2.4.53/src/EXTModule/apr-util-1.6.1/conftest.c:44: undefined reference to `explicit_bzero'
collect2: error: ld returned 1 exit status
configure:23899: $? = 1
configure: program exited with status 1
configure: failed program was:
| /* confdefs.h */
| #define PACKAGE_NAME ""
| #define PACKAGE_TARNAME ""
| #define PACKAGE_VERSION ""
| #define PACKAGE_STRING ""
| #define PACKAGE_BUGREPORT ""
| #define PACKAGE_URL ""
| #define STDC_HEADERS 1
| #define HAVE_SYS_TYPES_H 1
| #define HAVE_SYS_STAT_H 1
| #define HAVE_STDLIB_H 1
| #define HAVE_STRING_H 1
| #define HAVE_MEMORY_H 1
| #define HAVE_STRINGS_H 1
| #define HAVE_INTTYPES_H 1
| #define HAVE_STDINT_H 1
| #define HAVE_UNISTD_H 1
| #define HAVE_OPENSSL_X509_H 1
| #define HAVE_DECL_EVP_PKEY_CTX_NEW 1
| #define HAVE_LBER_H 1
| #define HAVE_LDAP_H 1
| #define LDAP_SET_REBIND_PROC_THREE 1
| #define HAVE_EXPAT_H 1
| #define HAVE_ICONV_H 1
| #define HAVE_LANGINFO_H 1
| #define HAVE_NL_LANGINFO 1
| #define HAVE_CODESET 1
| #define APU_DSO_BUILD 1
| #define HAVE_CRYPT_R 1
| #define CRYPT_R_STRUCT_CRYPT_DATA 1
| #define HAVE_WEAK_SYMBOLS 1
| /* end confdefs.h.  */
| 
| #ifdef HAVE_STRING_H
| #include <string.h>
| #endif
| #ifdef HAVE_STRINGS_H
| #include <strings.h>
| #endif
| 
| int main(int argc, const char **argv)
| {
|     char buf[1] = {1};
|     explicit_bzero(buf, sizeof buf);
|     return *buf != '\0';
| }
configure:23909: result: no
configure:24146: creating ./config.status

## ---------------------- ##
## Running config.status. ##
## ---------------------- ##

This file was extended by config.status, which was
generated by GNU Autoconf 2.69.  Invocation command line was

  CONFIG_FILES    = 
  CONFIG_HEADERS  = 
  CONFIG_LINKS    = 
  CONFIG_COMMANDS = 
  $ ./config.status 

on hwangtest

config.status:937: creating Makefile
config.status:937: creating export_vars.sh
config.status:937: creating build/pkg/pkginfo
config.status:937: creating apr-util.pc
config.status:937: creating apu-1-config
config.status:937: creating include/private/apu_select_dbm.h
config.status:937: creating include/apr_ldap.h
config.status:937: creating include/apu.h
config.status:937: creating include/apu_want.h
config.status:937: creating test/Makefile
config.status:937: creating include/private/apu_config.h
config.status:1126: executing default commands

## ---------------- ##
## Cache variables. ##
## ---------------- ##

ac_cv_build=x86_64-pc-linux-gnu
ac_cv_c_compiler_gnu=yes
ac_cv_define_CODESET=yes
ac_cv_env_CC_set=
ac_cv_env_CC_value=
ac_cv_env_CFLAGS_set=
ac_cv_env_CFLAGS_value=
ac_cv_env_CPPFLAGS_set=
ac_cv_env_CPPFLAGS_value=
ac_cv_env_CPP_set=
ac_cv_env_CPP_value=
ac_cv_env_LDFLAGS_set=
ac_cv_env_LDFLAGS_value=
ac_cv_env_LIBS_set=
ac_cv_env_LIBS_value=
ac_cv_env_build_alias_set=
ac_cv_env_build_alias_value=
ac_cv_env_host_alias_set=
ac_cv_env_host_alias_value=
ac_cv_env_target_alias_set=
ac_cv_env_target_alias_value=
ac_cv_func_crypt_r=yes
ac_cv_func_nl_langinfo=yes
ac_cv_have_decl_EVP_PKEY_CTX_new=yes
ac_cv_header_iconv_h=yes
ac_cv_header_inttypes_h=yes
ac_cv_header_langinfo_h=yes
ac_cv_header_lber_h=yes
ac_cv_header_ldap_ssl_h=no
ac_cv_header_libpq_fe_h=no
ac_cv_header_memory_h=yes
ac_cv_header_odbc_sql_h=no
ac_cv_header_openssl_x509_h=yes
ac_cv_header_postgresql_libpq_fe_h=no
ac_cv_header_sql_h=no
ac_cv_header_sqlite3_h=no
ac_cv_header_sqlite_h=no
ac_cv_header_stdc=yes
ac_cv_header_stdint_h=yes
ac_cv_header_stdlib_h=yes
ac_cv_header_string_h=yes
ac_cv_header_strings_h=yes
ac_cv_header_sys_stat_h=yes
ac_cv_header_sys_types_h=yes
ac_cv_header_unistd_h=yes
ac_cv_host=x86_64-pc-linux-gnu
ac_cv_ldap_set_rebind_proc_style=three
ac_cv_lib_crypto_EVP_CIPHER_CTX_new=yes
ac_cv_lib_lber___ber_init=yes
ac_cv_lib_ldap50___ldap_init=no
ac_cv_lib_ldap___ldap_init=yes
ac_cv_lib_ldap___ldap_sslinit=no
ac_cv_lib_ldap___ldap_start_tls_s=yes
ac_cv_lib_ldap___ldapssl_add_trusted_cert=no
ac_cv_lib_ldap___ldapssl_client_deinit=no
ac_cv_lib_ldap___ldapssl_client_init=no
ac_cv_lib_ldap___ldapssl_init=no
ac_cv_lib_ldap___ldapssl_install_routines=no
ac_cv_lib_ldapsdk___ldap_init=no
ac_cv_lib_ldapssl20___ldap_init=no
ac_cv_lib_ldapssl30___ldap_init=no
ac_cv_lib_ldapssl40___ldap_init=no
ac_cv_lib_ldapssl41___ldap_init=no
ac_cv_lib_ssl_SSL_accept=yes
ac_cv_mkdir_p=yes
ac_cv_objext=o
ac_cv_path_EGREP='/usr/bin/grep -E'
ac_cv_path_GREP=/usr/bin/grep
ac_cv_path_install='/usr/bin/install -c'
ac_cv_prog_CPP='gcc -E'
ac_cv_prog_ac_ct_CC=gcc
ac_cv_prog_cc_c89=
ac_cv_prog_cc_g=yes
ac_cv_search_crypt=-lcrypt
ac_cv_target=x86_64-pc-linux-gnu
apr_cv_crypt_r_style=struct_crypt_data
apr_cv_hdr_ldap_h=yes
apr_cv_ldap_toolkit=OpenLDAP
apu_cv_aprdso=yes
apu_cv_expat_system=yes
apu_cv_explicit_bzero=no
apu_cv_memset_s=no
apu_cv_weak_symbols=yes

## ----------------- ##
## Output variables. ##
## ----------------- ##

APRUTIL_DOTTED_VERSION='1.6.1'
APRUTIL_EXPORT_LIBS='-lexpat'
APRUTIL_INCLUDES='-I/usr/local/ssl/include'
APRUTIL_LDFLAGS='-L/usr/local/ssl/lib'
APRUTIL_LIBNAME='aprutil-${APRUTIL_MAJOR_VERSION}'
APRUTIL_LIBS='-lexpat /opt/apache-2.4.53/EXT/apr-1.7.0/lib/libapr-1.la -lrt -lcrypt -lpthread -ldl'
APRUTIL_MAJOR_VERSION='1'
APRUTIL_PRIV_INCLUDES='-I/opt/initserver/httpd-2.4.53/src/EXTModule/apr-util-1.6.1/include -I/opt/initserver/httpd-2.4.53/src/EXTModule/apr-util-1.6.1/include/private'
APR_BUILD_DIR='/opt/apache-2.4.53/EXT/apr-1.7.0/build-1'
APR_ICONV_DIR=''
APR_INCLUDES=' -I/opt/apache-2.4.53/EXT/apr-1.7.0/include/apr-1 '
APR_LIBS=' /opt/apache-2.4.53/EXT/apr-1.7.0/lib/libapr-1.la -lrt -lcrypt  -lpthread -ldl'
APU_CONFIG_LOCATION='source'
APU_DSO_LIBDIR='${libdir}/apr-util-1'
APU_HAVE_MODULES='yes'
APU_LTVERSION='-version-info 6:1:6'
APU_MODULES='  crypto/apr_crypto_openssl.la ldap/apr_ldap.la'
CC='gcc'
CFLAGS='-g -O2 -pthread'
CPP='gcc -E'
CPPFLAGS=' -DLINUX -D_REENTRANT -D_GNU_SOURCE'
DEFS='-DHAVE_CONFIG_H'
ECHO_C=''
ECHO_N='-n'
ECHO_T=''
EGREP='/usr/bin/grep -E'
EXEEXT=''
EXTRA_OBJECTS=''
GREP='/usr/bin/grep'
INCLUDE_OUTPUTS='include /opt/initserver/httpd-2.4.53/src/EXTModule/apr-util-1.6.1/build-outputs.mk'
INCLUDE_RULES='include /opt/initserver/httpd-2.4.53/src/EXTModule/apr-util-1.6.1/build/rules.mk'
INSTALL_DATA='${INSTALL} -m 644'
INSTALL_PROGRAM='${INSTALL}'
INSTALL_SCRIPT='${INSTALL}'
LDADD_crypto_commoncrypto=''
LDADD_crypto_nss=''
LDADD_crypto_openssl='-L/usr/local/ssl/lib  -lssl -lcrypto'
LDADD_dbd_mysql=''
LDADD_dbd_odbc=''
LDADD_dbd_oracle=''
LDADD_dbd_pgsql=''
LDADD_dbd_sqlite2=''
LDADD_dbd_sqlite3=''
LDADD_dbm_db=''
LDADD_dbm_gdbm=''
LDADD_dbm_ndbm=''
LDADD_ldap='-lldap -llber'
LDFLAGS=''
LIBOBJS=''
LIBS='-lcrypt '
LTLIBOBJS=''
LT_NO_INSTALL='-no-install'
MYSQL_CONFIG=''
OBJEXT='o'
ODBC_CONFIG=''
PACKAGE_BUGREPORT=''
PACKAGE_NAME=''
PACKAGE_STRING=''
PACKAGE_TARNAME=''
PACKAGE_URL=''
PACKAGE_VERSION=''
PATH_SEPARATOR=':'
PGSQL_CONFIG=''
PKG_CONFIG=''
SHELL='/bin/sh'
abs_builddir='/opt/initserver/httpd-2.4.53/src/EXTModule/apr-util-1.6.1'
abs_srcdir='/opt/initserver/httpd-2.4.53/src/EXTModule/apr-util-1.6.1'
ac_ct_CC='gcc'
apr_shlibpath_var='LD_LIBRARY_PATH'
apu_db_header='db.h'
apu_db_version='0'
apu_dbd_tests=''
apu_has_ldap='1'
apu_has_ldap_microsoft='0'
apu_has_ldap_mozilla='0'
apu_has_ldap_netscape='0'
apu_has_ldap_novell='0'
apu_has_ldap_openldap='1'
apu_has_ldap_other='0'
apu_has_ldap_solaris='0'
apu_has_ldap_sslinit='0'
apu_has_ldap_start_tls_s='1'
apu_has_ldap_tivoli='0'
apu_has_ldap_zos='0'
apu_has_ldapssl_add_trusted_cert='0'
apu_has_ldapssl_client_deinit='0'
apu_has_ldapssl_client_init='0'
apu_has_ldapssl_init='0'
apu_has_ldapssl_install_routines='0'
apu_have_commoncrypto='0'
apu_have_crypto='1'
apu_have_db='0'
apu_have_gdbm='0'
apu_have_mysql='0'
apu_have_ndbm='0'
apu_have_nss='0'
apu_have_odbc='0'
apu_have_openssl='1'
apu_have_oracle='0'
apu_have_pgsql='0'
apu_have_sdbm='1'
apu_have_sqlite2='0'
apu_have_sqlite3='0'
apu_use_db='0'
apu_use_gdbm='0'
apu_use_ndbm='0'
apu_use_sdbm='1'
bindir='${exec_prefix}/bin'
build='x86_64-pc-linux-gnu'
build_alias=''
build_cpu='x86_64'
build_os='linux-gnu'
build_vendor='pc'
datadir='${prefix}'
datarootdir='${prefix}/share'
docdir='${datarootdir}/doc/${PACKAGE}'
dvidir='${docdir}'
exec_prefix='${prefix}'
have_apr_iconv='0'
have_iconv='1'
host='x86_64-pc-linux-gnu'
host_alias=''
host_cpu='x86_64'
host_os='linux-gnu'
host_vendor='pc'
htmldir='${docdir}'
includedir='${prefix}/include/apr-${APRUTIL_MAJOR_VERSION}'
infodir='${datarootdir}/info'
lber_h='#include <lber.h>'
ldap_h='#include <ldap.h>'
ldap_ssl_h=''
lib_target='-rpath $(libdir) $(OBJECTS)'
libdir='${exec_prefix}/lib'
libexecdir='${exec_prefix}/modules'
localedir='${datarootdir}/locale'
localstatedir='${prefix}'
mandir='${prefix}/man'
oldincludedir='/usr/include'
pdfdir='${docdir}'
prefix='/opt/apache-2.4.53/EXT/apr-util-1.6.1'
program_transform_name='s,x,x,'
psdir='${docdir}'
sbindir='${exec_prefix}/bin'
sharedstatedir='${prefix}/com'
so_ext='lo'
sysconfdir='${prefix}/conf'
target='x86_64-pc-linux-gnu'
target_alias=''
target_cpu='x86_64'
target_os='linux-gnu'
target_vendor='pc'
top_builddir='/opt/initserver/httpd-2.4.53/src/EXTModule/apr-util-1.6.1'

## ----------- ##
## confdefs.h. ##
## ----------- ##

/* confdefs.h */
#define PACKAGE_NAME ""
#define PACKAGE_TARNAME ""
#define PACKAGE_VERSION ""
#define PACKAGE_STRING ""
#define PACKAGE_BUGREPORT ""
#define PACKAGE_URL ""
#define STDC_HEADERS 1
#define HAVE_SYS_TYPES_H 1
#define HAVE_SYS_STAT_H 1
#define HAVE_STDLIB_H 1
#define HAVE_STRING_H 1
#define HAVE_MEMORY_H 1
#define HAVE_STRINGS_H 1
#define HAVE_INTTYPES_H 1
#define HAVE_STDINT_H 1
#define HAVE_UNISTD_H 1
#define HAVE_OPENSSL_X509_H 1
#define HAVE_DECL_EVP_PKEY_CTX_NEW 1
#define HAVE_LBER_H 1
#define HAVE_LDAP_H 1
#define LDAP_SET_REBIND_PROC_THREE 1
#define HAVE_EXPAT_H 1
#define HAVE_ICONV_H 1
#define HAVE_LANGINFO_H 1
#define HAVE_NL_LANGINFO 1
#define HAVE_CODESET 1
#define APU_DSO_BUILD 1
#define HAVE_CRYPT_R 1
#define CRYPT_R_STRUCT_CRYPT_DATA 1
#define HAVE_WEAK_SYMBOLS 1
#define APU_DSO_LIBDIR "/opt/apache-2.4.53/EXT/apr-util-1.6.1/lib/apr-util-1"

configure: exit 0
